<?xml version="1.0" encoding="UTF-8"?>
<testsuite xmlns:xsi="http://www.w3.org/2001/XMLSchema-instance" xsi:noNamespaceSchemaLocation="https://maven.apache.org/surefire/maven-surefire-plugin/xsd/surefire-test-report.xsd" version="3.0.2" name="com.example.demo.DemoApplicationTests" time="3.35" tests="1" errors="0" skipped="0" failures="0">
  <properties>
    <property name="java.specification.version" value="23"/>
    <property name="sun.cpu.isalist" value="amd64"/>
    <property name="sun.jnu.encoding" value="Cp1252"/>
    <property name="java.class.path" value="C:\Users\FL_LPT-361\Documents\Learnings\com.springbootexample\demo\target\test-classes;C:\Users\FL_LPT-361\Documents\Learnings\com.springbootexample\demo\target\classes;C:\Users\FL_LPT-361\.m2\repository\org\springframework\boot\spring-boot-starter-web\3.5.0-M2\spring-boot-starter-web-3.5.0-M2.jar;C:\Users\FL_LPT-361\.m2\repository\org\springframework\boot\spring-boot-starter\3.5.0-M2\spring-boot-starter-3.5.0-M2.jar;C:\Users\FL_LPT-361\.m2\repository\org\springframework\boot\spring-boot-starter-logging\3.5.0-M2\spring-boot-starter-logging-3.5.0-M2.jar;C:\Users\FL_LPT-361\.m2\repository\ch\qos\logback\logback-classic\1.5.16\logback-classic-1.5.16.jar;C:\Users\FL_LPT-361\.m2\repository\ch\qos\logback\logback-core\1.5.16\logback-core-1.5.16.jar;C:\Users\FL_LPT-361\.m2\repository\org\apache\logging\log4j\log4j-to-slf4j\2.24.3\log4j-to-slf4j-2.24.3.jar;C:\Users\FL_LPT-361\.m2\repository\org\apache\logging\log4j\log4j-api\2.24.3\log4j-api-2.24.3.jar;C:\Users\FL_LPT-361\.m2\repository\org\slf4j\jul-to-slf4j\2.0.16\jul-to-slf4j-2.0.16.jar;C:\Users\FL_LPT-361\.m2\repository\jakarta\annotation\jakarta.annotation-api\2.1.1\jakarta.annotation-api-2.1.1.jar;C:\Users\FL_LPT-361\.m2\repository\org\yaml\snakeyaml\2.4\snakeyaml-2.4.jar;C:\Users\FL_LPT-361\.m2\repository\org\springframework\boot\spring-boot-starter-json\3.5.0-M2\spring-boot-starter-json-3.5.0-M2.jar;C:\Users\FL_LPT-361\.m2\repository\com\fasterxml\jackson\core\jackson-databind\2.18.2\jackson-databind-2.18.2.jar;C:\Users\FL_LPT-361\.m2\repository\com\fasterxml\jackson\core\jackson-annotations\2.18.2\jackson-annotations-2.18.2.jar;C:\Users\FL_LPT-361\.m2\repository\com\fasterxml\jackson\core\jackson-core\2.18.2\jackson-core-2.18.2.jar;C:\Users\FL_LPT-361\.m2\repository\com\fasterxml\jackson\datatype\jackson-datatype-jdk8\2.18.2\jackson-datatype-jdk8-2.18.2.jar;C:\Users\FL_LPT-361\.m2\repository\com\fasterxml\jackson\datatype\jackson-datatype-jsr310\2.18.2\jackson-datatype-jsr310-2.18.2.jar;C:\Users\FL_LPT-361\.m2\repository\com\fasterxml\jackson\module\jackson-module-parameter-names\2.18.2\jackson-module-parameter-names-2.18.2.jar;C:\Users\FL_LPT-361\.m2\repository\org\springframework\boot\spring-boot-starter-tomcat\3.5.0-M2\spring-boot-starter-tomcat-3.5.0-M2.jar;C:\Users\FL_LPT-361\.m2\repository\org\apache\tomcat\embed\tomcat-embed-core\10.1.36\tomcat-embed-core-10.1.36.jar;C:\Users\FL_LPT-361\.m2\repository\org\apache\tomcat\embed\tomcat-embed-el\10.1.36\tomcat-embed-el-10.1.36.jar;C:\Users\FL_LPT-361\.m2\repository\org\apache\tomcat\embed\tomcat-embed-websocket\10.1.36\tomcat-embed-websocket-10.1.36.jar;C:\Users\FL_LPT-361\.m2\repository\org\springframework\spring-web\6.2.3\spring-web-6.2.3.jar;C:\Users\FL_LPT-361\.m2\repository\org\springframework\spring-beans\6.2.3\spring-beans-6.2.3.jar;C:\Users\FL_LPT-361\.m2\repository\io\micrometer\micrometer-observation\1.15.0-M2\micrometer-observation-1.15.0-M2.jar;C:\Users\FL_LPT-361\.m2\repository\io\micrometer\micrometer-commons\1.15.0-M2\micrometer-commons-1.15.0-M2.jar;C:\Users\FL_LPT-361\.m2\repository\org\springframework\spring-webmvc\6.2.3\spring-webmvc-6.2.3.jar;C:\Users\FL_LPT-361\.m2\repository\org\springframework\spring-aop\6.2.3\spring-aop-6.2.3.jar;C:\Users\FL_LPT-361\.m2\repository\org\springframework\spring-context\6.2.3\spring-context-6.2.3.jar;C:\Users\FL_LPT-361\.m2\repository\org\springframework\spring-expression\6.2.3\spring-expression-6.2.3.jar;C:\Users\FL_LPT-361\.m2\repository\org\springframework\boot\spring-boot-devtools\3.5.0-M2\spring-boot-devtools-3.5.0-M2.jar;C:\Users\FL_LPT-361\.m2\repository\org\springframework\boot\spring-boot\3.5.0-M2\spring-boot-3.5.0-M2.jar;C:\Users\FL_LPT-361\.m2\repository\org\springframework\boot\spring-boot-autoconfigure\3.5.0-M2\spring-boot-autoconfigure-3.5.0-M2.jar;C:\Users\FL_LPT-361\.m2\repository\org\springframework\boot\spring-boot-starter-test\3.5.0-M2\spring-boot-starter-test-3.5.0-M2.jar;C:\Users\FL_LPT-361\.m2\repository\org\springframework\boot\spring-boot-test\3.5.0-M2\spring-boot-test-3.5.0-M2.jar;C:\Users\FL_LPT-361\.m2\repository\org\springframework\boot\spring-boot-test-autoconfigure\3.5.0-M2\spring-boot-test-autoconfigure-3.5.0-M2.jar;C:\Users\FL_LPT-361\.m2\repository\com\jayway\jsonpath\json-path\2.9.0\json-path-2.9.0.jar;C:\Users\FL_LPT-361\.m2\repository\org\slf4j\slf4j-api\2.0.16\slf4j-api-2.0.16.jar;C:\Users\FL_LPT-361\.m2\repository\jakarta\xml\bind\jakarta.xml.bind-api\4.0.2\jakarta.xml.bind-api-4.0.2.jar;C:\Users\FL_LPT-361\.m2\repository\jakarta\activation\jakarta.activation-api\2.1.3\jakarta.activation-api-2.1.3.jar;C:\Users\FL_LPT-361\.m2\repository\net\minidev\json-smart\2.5.2\json-smart-2.5.2.jar;C:\Users\FL_LPT-361\.m2\repository\net\minidev\accessors-smart\2.5.2\accessors-smart-2.5.2.jar;C:\Users\FL_LPT-361\.m2\repository\org\ow2\asm\asm\9.7.1\asm-9.7.1.jar;C:\Users\FL_LPT-361\.m2\repository\org\assertj\assertj-core\3.27.3\assertj-core-3.27.3.jar;C:\Users\FL_LPT-361\.m2\repository\net\bytebuddy\byte-buddy\1.17.1\byte-buddy-1.17.1.jar;C:\Users\FL_LPT-361\.m2\repository\org\awaitility\awaitility\4.2.2\awaitility-4.2.2.jar;C:\Users\FL_LPT-361\.m2\repository\org\hamcrest\hamcrest\3.0\hamcrest-3.0.jar;C:\Users\FL_LPT-361\.m2\repository\org\junit\jupiter\junit-jupiter\5.11.4\junit-jupiter-5.11.4.jar;C:\Users\FL_LPT-361\.m2\repository\org\junit\jupiter\junit-jupiter-api\5.11.4\junit-jupiter-api-5.11.4.jar;C:\Users\FL_LPT-361\.m2\repository\org\opentest4j\opentest4j\1.3.0\opentest4j-1.3.0.jar;C:\Users\FL_LPT-361\.m2\repository\org\junit\platform\junit-platform-commons\1.11.4\junit-platform-commons-1.11.4.jar;C:\Users\FL_LPT-361\.m2\repository\org\apiguardian\apiguardian-api\1.1.2\apiguardian-api-1.1.2.jar;C:\Users\FL_LPT-361\.m2\repository\org\junit\jupiter\junit-jupiter-params\5.11.4\junit-jupiter-params-5.11.4.jar;C:\Users\FL_LPT-361\.m2\repository\org\junit\jupiter\junit-jupiter-engine\5.11.4\junit-jupiter-engine-5.11.4.jar;C:\Users\FL_LPT-361\.m2\repository\org\junit\platform\junit-platform-engine\1.11.4\junit-platform-engine-1.11.4.jar;C:\Users\FL_LPT-361\.m2\repository\org\mockito\mockito-core\5.15.2\mockito-core-5.15.2.jar;C:\Users\FL_LPT-361\.m2\repository\net\bytebuddy\byte-buddy-agent\1.17.1\byte-buddy-agent-1.17.1.jar;C:\Users\FL_LPT-361\.m2\repository\org\objenesis\objenesis\3.3\objenesis-3.3.jar;C:\Users\FL_LPT-361\.m2\repository\org\mockito\mockito-junit-jupiter\5.15.2\mockito-junit-jupiter-5.15.2.jar;C:\Users\FL_LPT-361\.m2\repository\org\skyscreamer\jsonassert\1.5.3\jsonassert-1.5.3.jar;C:\Users\FL_LPT-361\.m2\repository\com\vaadin\external\google\android-json\0.0.20131108.vaadin1\android-json-0.0.20131108.vaadin1.jar;C:\Users\FL_LPT-361\.m2\repository\org\springframework\spring-core\6.2.3\spring-core-6.2.3.jar;C:\Users\FL_LPT-361\.m2\repository\org\springframework\spring-jcl\6.2.3\spring-jcl-6.2.3.jar;C:\Users\FL_LPT-361\.m2\repository\org\springframework\spring-test\6.2.3\spring-test-6.2.3.jar;C:\Users\FL_LPT-361\.m2\repository\org\xmlunit\xmlunit-core\2.10.0\xmlunit-core-2.10.0.jar;"/>
    <property name="java.vm.vendor" value="Oracle Corporation"/>
    <property name="sun.arch.data.model" value="64"/>
    <property name="user.variant" value=""/>
    <property name="java.vendor.url" value="https://java.oracle.com/"/>
    <property name="user.timezone" value="Asia/Calcutta"/>
    <property name="os.name" value="Windows 10"/>
    <property name="java.vm.specification.version" value="23"/>
    <property name="APPLICATION_NAME" value="demo"/>
    <property name="sun.java.launcher" value="SUN_STANDARD"/>
    <property name="user.country" value="IN"/>
    <property name="sun.boot.library.path" value="C:\Program Files\Java\jdk-23\bin"/>
    <property name="sun.java.command" value="C:\Users\FL_LPT-361\AppData\Local\Temp\surefire10244104574814724263\surefirebooter-20250313111818502_3.jar C:\Users\FL_LPT-361\AppData\Local\Temp\surefire10244104574814724263 2025-03-13T11-18-18_247-jvmRun1 surefire-20250313111818502_1tmp surefire_0-20250313111818502_2tmp"/>
    <property name="jdk.debug" value="release"/>
    <property name="surefire.test.class.path" value="C:\Users\FL_LPT-361\Documents\Learnings\com.springbootexample\demo\target\test-classes;C:\Users\FL_LPT-361\Documents\Learnings\com.springbootexample\demo\target\classes;C:\Users\FL_LPT-361\.m2\repository\org\springframework\boot\spring-boot-starter-web\3.5.0-M2\spring-boot-starter-web-3.5.0-M2.jar;C:\Users\FL_LPT-361\.m2\repository\org\springframework\boot\spring-boot-starter\3.5.0-M2\spring-boot-starter-3.5.0-M2.jar;C:\Users\FL_LPT-361\.m2\repository\org\springframework\boot\spring-boot-starter-logging\3.5.0-M2\spring-boot-starter-logging-3.5.0-M2.jar;C:\Users\FL_LPT-361\.m2\repository\ch\qos\logback\logback-classic\1.5.16\logback-classic-1.5.16.jar;C:\Users\FL_LPT-361\.m2\repository\ch\qos\logback\logback-core\1.5.16\logback-core-1.5.16.jar;C:\Users\FL_LPT-361\.m2\repository\org\apache\logging\log4j\log4j-to-slf4j\2.24.3\log4j-to-slf4j-2.24.3.jar;C:\Users\FL_LPT-361\.m2\repository\org\apache\logging\log4j\log4j-api\2.24.3\log4j-api-2.24.3.jar;C:\Users\FL_LPT-361\.m2\repository\org\slf4j\jul-to-slf4j\2.0.16\jul-to-slf4j-2.0.16.jar;C:\Users\FL_LPT-361\.m2\repository\jakarta\annotation\jakarta.annotation-api\2.1.1\jakarta.annotation-api-2.1.1.jar;C:\Users\FL_LPT-361\.m2\repository\org\yaml\snakeyaml\2.4\snakeyaml-2.4.jar;C:\Users\FL_LPT-361\.m2\repository\org\springframework\boot\spring-boot-starter-json\3.5.0-M2\spring-boot-starter-json-3.5.0-M2.jar;C:\Users\FL_LPT-361\.m2\repository\com\fasterxml\jackson\core\jackson-databind\2.18.2\jackson-databind-2.18.2.jar;C:\Users\FL_LPT-361\.m2\repository\com\fasterxml\jackson\core\jackson-annotations\2.18.2\jackson-annotations-2.18.2.jar;C:\Users\FL_LPT-361\.m2\repository\com\fasterxml\jackson\core\jackson-core\2.18.2\jackson-core-2.18.2.jar;C:\Users\FL_LPT-361\.m2\repository\com\fasterxml\jackson\datatype\jackson-datatype-jdk8\2.18.2\jackson-datatype-jdk8-2.18.2.jar;C:\Users\FL_LPT-361\.m2\repository\com\fasterxml\jackson\datatype\jackson-datatype-jsr310\2.18.2\jackson-datatype-jsr310-2.18.2.jar;C:\Users\FL_LPT-361\.m2\repository\com\fasterxml\jackson\module\jackson-module-parameter-names\2.18.2\jackson-module-parameter-names-2.18.2.jar;C:\Users\FL_LPT-361\.m2\repository\org\springframework\boot\spring-boot-starter-tomcat\3.5.0-M2\spring-boot-starter-tomcat-3.5.0-M2.jar;C:\Users\FL_LPT-361\.m2\repository\org\apache\tomcat\embed\tomcat-embed-core\10.1.36\tomcat-embed-core-10.1.36.jar;C:\Users\FL_LPT-361\.m2\repository\org\apache\tomcat\embed\tomcat-embed-el\10.1.36\tomcat-embed-el-10.1.36.jar;C:\Users\FL_LPT-361\.m2\repository\org\apache\tomcat\embed\tomcat-embed-websocket\10.1.36\tomcat-embed-websocket-10.1.36.jar;C:\Users\FL_LPT-361\.m2\repository\org\springframework\spring-web\6.2.3\spring-web-6.2.3.jar;C:\Users\FL_LPT-361\.m2\repository\org\springframework\spring-beans\6.2.3\spring-beans-6.2.3.jar;C:\Users\FL_LPT-361\.m2\repository\io\micrometer\micrometer-observation\1.15.0-M2\micrometer-observation-1.15.0-M2.jar;C:\Users\FL_LPT-361\.m2\repository\io\micrometer\micrometer-commons\1.15.0-M2\micrometer-commons-1.15.0-M2.jar;C:\Users\FL_LPT-361\.m2\repository\org\springframework\spring-webmvc\6.2.3\spring-webmvc-6.2.3.jar;C:\Users\FL_LPT-361\.m2\repository\org\springframework\spring-aop\6.2.3\spring-aop-6.2.3.jar;C:\Users\FL_LPT-361\.m2\repository\org\springframework\spring-context\6.2.3\spring-context-6.2.3.jar;C:\Users\FL_LPT-361\.m2\repository\org\springframework\spring-expression\6.2.3\spring-expression-6.2.3.jar;C:\Users\FL_LPT-361\.m2\repository\org\springframework\boot\spring-boot-devtools\3.5.0-M2\spring-boot-devtools-3.5.0-M2.jar;C:\Users\FL_LPT-361\.m2\repository\org\springframework\boot\spring-boot\3.5.0-M2\spring-boot-3.5.0-M2.jar;C:\Users\FL_LPT-361\.m2\repository\org\springframework\boot\spring-boot-autoconfigure\3.5.0-M2\spring-boot-autoconfigure-3.5.0-M2.jar;C:\Users\FL_LPT-361\.m2\repository\org\springframework\boot\spring-boot-starter-test\3.5.0-M2\spring-boot-starter-test-3.5.0-M2.jar;C:\Users\FL_LPT-361\.m2\repository\org\springframework\boot\spring-boot-test\3.5.0-M2\spring-boot-test-3.5.0-M2.jar;C:\Users\FL_LPT-361\.m2\repository\org\springframework\boot\spring-boot-test-autoconfigure\3.5.0-M2\spring-boot-test-autoconfigure-3.5.0-M2.jar;C:\Users\FL_LPT-361\.m2\repository\com\jayway\jsonpath\json-path\2.9.0\json-path-2.9.0.jar;C:\Users\FL_LPT-361\.m2\repository\org\slf4j\slf4j-api\2.0.16\slf4j-api-2.0.16.jar;C:\Users\FL_LPT-361\.m2\repository\jakarta\xml\bind\jakarta.xml.bind-api\4.0.2\jakarta.xml.bind-api-4.0.2.jar;C:\Users\FL_LPT-361\.m2\repository\jakarta\activation\jakarta.activation-api\2.1.3\jakarta.activation-api-2.1.3.jar;C:\Users\FL_LPT-361\.m2\repository\net\minidev\json-smart\2.5.2\json-smart-2.5.2.jar;C:\Users\FL_LPT-361\.m2\repository\net\minidev\accessors-smart\2.5.2\accessors-smart-2.5.2.jar;C:\Users\FL_LPT-361\.m2\repository\org\ow2\asm\asm\9.7.1\asm-9.7.1.jar;C:\Users\FL_LPT-361\.m2\repository\org\assertj\assertj-core\3.27.3\assertj-core-3.27.3.jar;C:\Users\FL_LPT-361\.m2\repository\net\bytebuddy\byte-buddy\1.17.1\byte-buddy-1.17.1.jar;C:\Users\FL_LPT-361\.m2\repository\org\awaitility\awaitility\4.2.2\awaitility-4.2.2.jar;C:\Users\FL_LPT-361\.m2\repository\org\hamcrest\hamcrest\3.0\hamcrest-3.0.jar;C:\Users\FL_LPT-361\.m2\repository\org\junit\jupiter\junit-jupiter\5.11.4\junit-jupiter-5.11.4.jar;C:\Users\FL_LPT-361\.m2\repository\org\junit\jupiter\junit-jupiter-api\5.11.4\junit-jupiter-api-5.11.4.jar;C:\Users\FL_LPT-361\.m2\repository\org\opentest4j\opentest4j\1.3.0\opentest4j-1.3.0.jar;C:\Users\FL_LPT-361\.m2\repository\org\junit\platform\junit-platform-commons\1.11.4\junit-platform-commons-1.11.4.jar;C:\Users\FL_LPT-361\.m2\repository\org\apiguardian\apiguardian-api\1.1.2\apiguardian-api-1.1.2.jar;C:\Users\FL_LPT-361\.m2\repository\org\junit\jupiter\junit-jupiter-params\5.11.4\junit-jupiter-params-5.11.4.jar;C:\Users\FL_LPT-361\.m2\repository\org\junit\jupiter\junit-jupiter-engine\5.11.4\junit-jupiter-engine-5.11.4.jar;C:\Users\FL_LPT-361\.m2\repository\org\junit\platform\junit-platform-engine\1.11.4\junit-platform-engine-1.11.4.jar;C:\Users\FL_LPT-361\.m2\repository\org\mockito\mockito-core\5.15.2\mockito-core-5.15.2.jar;C:\Users\FL_LPT-361\.m2\repository\net\bytebuddy\byte-buddy-agent\1.17.1\byte-buddy-agent-1.17.1.jar;C:\Users\FL_LPT-361\.m2\repository\org\objenesis\objenesis\3.3\objenesis-3.3.jar;C:\Users\FL_LPT-361\.m2\repository\org\mockito\mockito-junit-jupiter\5.15.2\mockito-junit-jupiter-5.15.2.jar;C:\Users\FL_LPT-361\.m2\repository\org\skyscreamer\jsonassert\1.5.3\jsonassert-1.5.3.jar;C:\Users\FL_LPT-361\.m2\repository\com\vaadin\external\google\android-json\0.0.20131108.vaadin1\android-json-0.0.20131108.vaadin1.jar;C:\Users\FL_LPT-361\.m2\repository\org\springframework\spring-core\6.2.3\spring-core-6.2.3.jar;C:\Users\FL_LPT-361\.m2\repository\org\springframework\spring-jcl\6.2.3\spring-jcl-6.2.3.jar;C:\Users\FL_LPT-361\.m2\repository\org\springframework\spring-test\6.2.3\spring-test-6.2.3.jar;C:\Users\FL_LPT-361\.m2\repository\org\xmlunit\xmlunit-core\2.10.0\xmlunit-core-2.10.0.jar;"/>
    <property name="sun.cpu.endian" value="little"/>
    <property name="user.home" value="C:\Users\FL_LPT-361"/>
    <property name="user.language" value="en"/>
    <property name="java.specification.vendor" value="Oracle Corporation"/>
    <property name="java.version.date" value="2024-10-15"/>
    <property name="java.home" value="C:\Program Files\Java\jdk-23"/>
    <property name="file.separator" value="\"/>
    <property name="basedir" value="C:\Users\FL_LPT-361\Documents\Learnings\com.springbootexample\demo"/>
    <property name="java.vm.compressedOopsMode" value="Zero based"/>
    <property name="line.separator" value="&#10;"/>
    <property name="java.vm.specification.vendor" value="Oracle Corporation"/>
    <property name="java.specification.name" value="Java Platform API Specification"/>
    <property name="FILE_LOG_CHARSET" value="UTF-8"/>
    <property name="java.awt.headless" value="true"/>
    <property name="surefire.real.class.path" value="C:\Users\FL_LPT-361\AppData\Local\Temp\surefire10244104574814724263\surefirebooter-20250313111818502_3.jar"/>
    <property name="user.script" value=""/>
    <property name="sun.management.compiler" value="HotSpot 64-Bit Tiered Compilers"/>
    <property name="java.runtime.version" value="23.0.1+11-39"/>
    <property name="user.name" value="FL_LPT-361"/>
    <property name="stdout.encoding" value="Cp1252"/>
    <property name="path.separator" value=";"/>
    <property name="os.version" value="10.0"/>
    <property name="java.runtime.name" value="Java(TM) SE Runtime Environment"/>
    <property name="file.encoding" value="UTF-8"/>
    <property name="java.vm.name" value="Java HotSpot(TM) 64-Bit Server VM"/>
    <property name="localRepository" value="C:\Users\FL_LPT-361\.m2\repository"/>
    <property name="java.vendor.url.bug" value="https://bugreport.java.com/bugreport/"/>
    <property name="java.io.tmpdir" value="C:\Users\FL_LPT~1\AppData\Local\Temp\"/>
    <property name="java.version" value="23.0.1"/>
    <property name="user.dir" value="C:\Users\FL_LPT-361\Documents\Learnings\com.springbootexample\demo"/>
    <property name="os.arch" value="amd64"/>
    <property name="java.vm.specification.name" value="Java Virtual Machine Specification"/>
    <property name="PID" value="3760"/>
    <property name="sun.os.patch.level" value=""/>
    <property name="CONSOLE_LOG_CHARSET" value="UTF-8"/>
    <property name="native.encoding" value="Cp1252"/>
    <property name="java.library.path" value="C:\Program Files\Java\jdk-23\bin;C:\Windows\Sun\Java\bin;C:\Windows\system32;C:\Windows;C:\Program Files\Common Files\Oracle\Java\javapath;C:\Windows\system32;C:\Windows;C:\Windows\System32\Wbem;C:\Windows\System32\WindowsPowerShell\v1.0\;C:\Windows\System32\OpenSSH\;C:\Program Files\Git\cmd;C:\Program Files\GitExtensions\;C:\Program Files\dotnet\;C:\Program Files\MySQL\MySQL Shell 8.0\bin\;C:\Users\FL_LPT-361\AppData\Local\Microsoft\WindowsApps;;."/>
    <property name="java.vm.info" value="mixed mode, sharing"/>
    <property name="stderr.encoding" value="Cp1252"/>
    <property name="java.vendor" value="Oracle Corporation"/>
    <property name="java.vm.version" value="23.0.1+11-39"/>
    <property name="sun.io.unicode.encoding" value="UnicodeLittle"/>
    <property name="java.class.version" value="67.0"/>
    <property name="LOGGED_APPLICATION_NAME" value="[demo] "/>
  </properties>
  <testcase name="contextLoads" classname="com.example.demo.DemoApplicationTests" time="0.953">
    <system-out><![CDATA[11:18:19.735 [main] INFO org.springframework.test.context.support.AnnotationConfigContextLoaderUtils -- Could not detect default configuration classes for test class [com.example.demo.DemoApplicationTests]: DemoApplicationTests does not declare any static, non-private, non-final, nested classes annotated with @Configuration.
11:18:19.874 [main] INFO org.springframework.boot.test.context.SpringBootTestContextBootstrapper -- Found @SpringBootConfiguration com.example.demo.DemoApplication for test class com.example.demo.DemoApplicationTests
11:18:20.064 [main] INFO org.springframework.boot.devtools.restart.RestartApplicationListener -- Restart disabled due to context in which it is running

  .   ____          _            __ _ _
 /\\ / ___'_ __ _ _(_)_ __  __ _ \ \ \ \
( ( )\___ | '_ | '_| | '_ \/ _` | \ \ \ \
 \\/  ___)| |_)| | | | | || (_| |  ) ) ) )
  '  |____| .__|_| |_|_| |_\__, | / / / /
 =========|_|==============|___/=/_/_/_/

 :: Spring Boot ::             (v3.5.0-M2)

2025-03-13T11:18:20.499+05:30  INFO 3760 --- [demo] [           main] com.example.demo.DemoApplicationTests    : Starting DemoApplicationTests using Java 23.0.1 with PID 3760 (started by FL_LPT-361 in C:\Users\FL_LPT-361\Documents\Learnings\com.springbootexample\demo)
2025-03-13T11:18:20.502+05:30  INFO 3760 --- [demo] [           main] com.example.demo.DemoApplicationTests    : No active profile set, falling back to 1 default profile: "default"
2025-03-13T11:18:21.920+05:30  INFO 3760 --- [demo] [           main] com.example.demo.DemoApplicationTests    : Started DemoApplicationTests in 1.874 seconds (process running for 3.201)
]]></system-out>
    <system-err><![CDATA[Mockito is currently self-attaching to enable the inline-mock-maker. This will no longer work in future releases of the JDK. Please add Mockito as an agent to your build as described in Mockito's documentation: https://javadoc.io/doc/org.mockito/mockito-core/latest/org/mockito/Mockito.html#0.3
WARNING: A Java agent has been loaded dynamically (C:\Users\FL_LPT-361\.m2\repository\net\bytebuddy\byte-buddy-agent\1.17.1\byte-buddy-agent-1.17.1.jar)
WARNING: If a serviceability tool is in use, please run with -XX:+EnableDynamicAgentLoading to hide this warning
WARNING: If a serviceability tool is not in use, please run with -Djdk.instrument.traceUsage for more information
WARNING: Dynamic loading of agents will be disallowed by default in a future release
]]></system-err>
  </testcase>
</testsuite>